{"name": "test_validLogin", "status": "broken", "statusDetails": {"message": "selenium.common.exceptions.InvalidArgumentException: Message: invalid argument: invalid locator\n  (Session info: chrome=96.0.4664.110)\nStacktrace:\nBacktrace:\n\tOrdinal0 [0x002F6903+2517251]\n\tOrdinal0 [0x0028F8E1+2095329]\n\tOrdinal0 [0x00192848+1058888]\n\tOrdinal0 [0x001BD5C4+1234372]\n\tOrdinal0 [0x001BD63B+1234491]\n\tOrdinal0 [0x001E7812+1406994]\n\tOrdinal0 [0x001D650A+1336586]\n\tOrdinal0 [0x001E5BBF+1399743]\n\tOrdinal0 [0x001D639B+1336219]\n\tOrdinal0 [0x001B27A7+1189799]\n\tOrdinal0 [0x001B3609+1193481]\n\tGetHandleVerifier [0x00485904+1577972]\n\tGetHandleVerifier [0x00530B97+2279047]\n\tGetHandleVerifier [0x00386D09+534521]\n\tGetHandleVerifier [0x00385DB9+530601]\n\tOrdinal0 [0x00294FF9+2117625]\n\tOrdinal0 [0x002998A8+2136232]\n\tOrdinal0 [0x002999E2+2136546]\n\tOrdinal0 [0x002A3541+2176321]\n\tBaseThreadInitThunk [0x770FFA29+25]\n\tRtlGetAppContainerNamedObjectPath [0x775B7A9E+286]\n\tRtlGetAppContainerNamedObjectPath [0x775B7A6E+238]\n\t(No symbol) [0x00000000]", "trace": "test_setup = None\n\n    @allure.description(\"Validate OrangeHRM with valid credentials\")\n    @allure.severity(severity_level=\"CRITICAL\")\n    def test_validLogin(test_setup):\n        driver.get(\"https://orangehrm-demo-6x.orangehrmlive.com/\")\n>       driver.find_element(\"txtUsername\").clear()\n\nallure_demo\\test_1.py:20: \n_ _ _ _ _ _ _ _ _ _ _ _ _ _ _ _ _ _ _ _ _ _ _ _ _ _ _ _ _ _ _ _ _ _ _ _ _ _ _ _ _ _ _ _ _ _ _ \nvenv\\lib\\site-packages\\selenium\\webdriver\\remote\\webdriver.py:1244: in find_element\n    return self.execute(Command.FIND_ELEMENT, {\nvenv\\lib\\site-packages\\selenium\\webdriver\\remote\\webdriver.py:424: in execute\n    self.error_handler.check_response(response)\n_ _ _ _ _ _ _ _ _ _ _ _ _ _ _ _ _ _ _ _ _ _ _ _ _ _ _ _ _ _ _ _ _ _ _ _ _ _ _ _ _ _ _ _ _ _ _ \n\nself = <selenium.webdriver.remote.errorhandler.ErrorHandler object at 0x000001BCC8D70CD0>\nresponse = {'status': 400, 'value': '{\"value\":{\"error\":\"invalid argument\",\"message\":\"invalid argument: invalid locator\\\\n  (Sessi...jectPath [0x775B7A9E+286]\\\\n\\\\tRtlGetAppContainerNamedObjectPath [0x775B7A6E+238]\\\\n\\\\t(No symbol) [0x00000000]\\\\n\"}}'}\n\n    def check_response(self, response: Dict[str, Any]) -> None:\n        \"\"\"\n        Checks that a JSON response from the WebDriver does not have an error.\n    \n        :Args:\n         - response - The JSON response from the WebDriver server as a dictionary\n           object.\n    \n        :Raises: If the response contains an error message.\n        \"\"\"\n        status = response.get('status', None)\n        if not status or status == ErrorCode.SUCCESS:\n            return\n        value = None\n        message = response.get(\"message\", \"\")\n        screen: str = response.get(\"screen\", \"\")\n        stacktrace = None\n        if isinstance(status, int):\n            value_json = response.get('value', None)\n            if value_json and isinstance(value_json, str):\n                import json\n                try:\n                    value = json.loads(value_json)\n                    if len(value.keys()) == 1:\n                        value = value['value']\n                    status = value.get('error', None)\n                    if not status:\n                        status = value.get(\"status\", ErrorCode.UNKNOWN_ERROR)\n                        message = value.get(\"value\") or value.get(\"message\")\n                        if not isinstance(message, str):\n                            value = message\n                            message = message.get('message')\n                    else:\n                        message = value.get('message', None)\n                except ValueError:\n                    pass\n    \n        exception_class: Type[WebDriverException]\n        if status in ErrorCode.NO_SUCH_ELEMENT:\n            exception_class = NoSuchElementException\n        elif status in ErrorCode.NO_SUCH_FRAME:\n            exception_class = NoSuchFrameException\n        elif status in ErrorCode.NO_SUCH_SHADOW_ROOT:\n            exception_class = NoSuchShadowRootException\n        elif status in ErrorCode.NO_SUCH_WINDOW:\n            exception_class = NoSuchWindowException\n        elif status in ErrorCode.STALE_ELEMENT_REFERENCE:\n            exception_class = StaleElementReferenceException\n        elif status in ErrorCode.ELEMENT_NOT_VISIBLE:\n            exception_class = ElementNotVisibleException\n        elif status in ErrorCode.INVALID_ELEMENT_STATE:\n            exception_class = InvalidElementStateException\n        elif status in ErrorCode.INVALID_SELECTOR \\\n                or status in ErrorCode.INVALID_XPATH_SELECTOR \\\n                or status in ErrorCode.INVALID_XPATH_SELECTOR_RETURN_TYPER:\n            exception_class = InvalidSelectorException\n        elif status in ErrorCode.ELEMENT_IS_NOT_SELECTABLE:\n            exception_class = ElementNotSelectableException\n        elif status in ErrorCode.ELEMENT_NOT_INTERACTABLE:\n            exception_class = ElementNotInteractableException\n        elif status in ErrorCode.INVALID_COOKIE_DOMAIN:\n            exception_class = InvalidCookieDomainException\n        elif status in ErrorCode.UNABLE_TO_SET_COOKIE:\n            exception_class = UnableToSetCookieException\n        elif status in ErrorCode.TIMEOUT:\n            exception_class = TimeoutException\n        elif status in ErrorCode.SCRIPT_TIMEOUT:\n            exception_class = TimeoutException\n        elif status in ErrorCode.UNKNOWN_ERROR:\n            exception_class = WebDriverException\n        elif status in ErrorCode.UNEXPECTED_ALERT_OPEN:\n            exception_class = UnexpectedAlertPresentException\n        elif status in ErrorCode.NO_ALERT_OPEN:\n            exception_class = NoAlertPresentException\n        elif status in ErrorCode.IME_NOT_AVAILABLE:\n            exception_class = ImeNotAvailableException\n        elif status in ErrorCode.IME_ENGINE_ACTIVATION_FAILED:\n            exception_class = ImeActivationFailedException\n        elif status in ErrorCode.MOVE_TARGET_OUT_OF_BOUNDS:\n            exception_class = MoveTargetOutOfBoundsException\n        elif status in ErrorCode.JAVASCRIPT_ERROR:\n            exception_class = JavascriptException\n        elif status in ErrorCode.SESSION_NOT_CREATED:\n            exception_class = SessionNotCreatedException\n        elif status in ErrorCode.INVALID_ARGUMENT:\n            exception_class = InvalidArgumentException\n        elif status in ErrorCode.NO_SUCH_COOKIE:\n            exception_class = NoSuchCookieException\n        elif status in ErrorCode.UNABLE_TO_CAPTURE_SCREEN:\n            exception_class = ScreenshotException\n        elif status in ErrorCode.ELEMENT_CLICK_INTERCEPTED:\n            exception_class = ElementClickInterceptedException\n        elif status in ErrorCode.INSECURE_CERTIFICATE:\n            exception_class = InsecureCertificateException\n        elif status in ErrorCode.INVALID_COORDINATES:\n            exception_class = InvalidCoordinatesException\n        elif status in ErrorCode.INVALID_SESSION_ID:\n            exception_class = InvalidSessionIdException\n        elif status in ErrorCode.UNKNOWN_METHOD:\n            exception_class = UnknownMethodException\n        else:\n            exception_class = WebDriverException\n        if not value:\n            value = response['value']\n        if isinstance(value, str):\n            raise exception_class(value)\n        if message == \"\" and 'message' in value:\n            message = value['message']\n    \n        screen = None  # type: ignore[assignment]\n        if 'screen' in value:\n            screen = value['screen']\n    \n        stacktrace = None\n        st_value = value.get('stackTrace') or value.get('stacktrace')\n        if st_value:\n            if isinstance(st_value, str):\n                stacktrace = st_value.split('\\n')\n            else:\n                stacktrace = []\n                try:\n                    for frame in st_value:\n                        line = self._value_or_default(frame, 'lineNumber', '')\n                        file = self._value_or_default(frame, 'fileName', '<anonymous>')\n                        if line:\n                            file = \"%s:%s\" % (file, line)\n                        meth = self._value_or_default(frame, 'methodName', '<anonymous>')\n                        if 'className' in frame:\n                            meth = \"%s.%s\" % (frame['className'], meth)\n                        msg = \"    at %s (%s)\"\n                        msg = msg % (meth, file)\n                        stacktrace.append(msg)\n                except TypeError:\n                    pass\n        if exception_class == UnexpectedAlertPresentException:\n            alert_text = None\n            if 'data' in value:\n                alert_text = value['data'].get('text')\n            elif 'alert' in value:\n                alert_text = value['alert'].get('text')\n            raise exception_class(message, screen, stacktrace, alert_text)  # type: ignore[call-arg]  # mypy is not smart enough here\n>       raise exception_class(message, screen, stacktrace)\nE       selenium.common.exceptions.InvalidArgumentException: Message: invalid argument: invalid locator\nE         (Session info: chrome=96.0.4664.110)\nE       Stacktrace:\nE       Backtrace:\nE       \tOrdinal0 [0x002F6903+2517251]\nE       \tOrdinal0 [0x0028F8E1+2095329]\nE       \tOrdinal0 [0x00192848+1058888]\nE       \tOrdinal0 [0x001BD5C4+1234372]\nE       \tOrdinal0 [0x001BD63B+1234491]\nE       \tOrdinal0 [0x001E7812+1406994]\nE       \tOrdinal0 [0x001D650A+1336586]\nE       \tOrdinal0 [0x001E5BBF+1399743]\nE       \tOrdinal0 [0x001D639B+1336219]\nE       \tOrdinal0 [0x001B27A7+1189799]\nE       \tOrdinal0 [0x001B3609+1193481]\nE       \tGetHandleVerifier [0x00485904+1577972]\nE       \tGetHandleVerifier [0x00530B97+2279047]\nE       \tGetHandleVerifier [0x00386D09+534521]\nE       \tGetHandleVerifier [0x00385DB9+530601]\nE       \tOrdinal0 [0x00294FF9+2117625]\nE       \tOrdinal0 [0x002998A8+2136232]\nE       \tOrdinal0 [0x002999E2+2136546]\nE       \tOrdinal0 [0x002A3541+2176321]\nE       \tBaseThreadInitThunk [0x770FFA29+25]\nE       \tRtlGetAppContainerNamedObjectPath [0x775B7A9E+286]\nE       \tRtlGetAppContainerNamedObjectPath [0x775B7A6E+238]\nE       \t(No symbol) [0x00000000]\n\nvenv\\lib\\site-packages\\selenium\\webdriver\\remote\\errorhandler.py:247: InvalidArgumentException"}, "description": "Validate OrangeHRM with valid credentials", "start": 1640409652093, "stop": 1640409652442, "uuid": "265c9f39-d736-43a4-8fb4-7e533bf1cba9", "historyId": "6a0ce6225459b2b9ab7bf60a2f7430a9", "testCaseId": "c5e48b5206f301d6f8528f337d93ca7a", "fullName": "allure_demo.test_1#test_validLogin", "labels": [{"name": "severity", "value": "CRITICAL"}, {"name": "parentSuite", "value": "allure_demo"}, {"name": "suite", "value": "test_1"}, {"name": "host", "value": "DESKTOP-SBINLJ3"}, {"name": "thread", "value": "19664-MainThread"}, {"name": "framework", "value": "pytest"}, {"name": "language", "value": "cpython3"}, {"name": "package", "value": "allure_demo.test_1"}]}